<?xml version="1.0" encoding="UTF-8"?>
<!-- Generated by org.testng.reporters.JUnitReportReporter -->
<testsuite skipped="0" hostname="DESKTOP-6AJ6SAC" name="Testing.Jenkins_Test" tests="1" failures="0" timestamp="11 Jun 2019 05:05:23 GMT" time="45.569" errors="0">
  <testcase name="f" time="45.569" classname="Testing.Jenkins_Test"/>
</testsuite> <!-- Testing.Jenkins_Test -->
